2021-08-18 13:56:22,052 INFO o.a.j.u.JMeterUtils: Setting Locale to en_EN
2021-08-18 13:56:22,078 INFO o.a.j.JMeter: Loading user properties from: C:\Users\jagadeesh.chennam\Desktop\JMeter\apache-jmeter-5.4.1\apache-jmeter-5.4.1\bin\user.properties
2021-08-18 13:56:22,079 INFO o.a.j.JMeter: Loading system properties from: C:\Users\jagadeesh.chennam\Desktop\JMeter\apache-jmeter-5.4.1\apache-jmeter-5.4.1\bin\system.properties
2021-08-18 13:56:22,089 INFO o.a.j.JMeter: Copyright (c) 1998-2021 The Apache Software Foundation
2021-08-18 13:56:22,090 INFO o.a.j.JMeter: Version 5.4.1
2021-08-18 13:56:22,090 INFO o.a.j.JMeter: java.version=1.8.0_301
2021-08-18 13:56:22,090 INFO o.a.j.JMeter: java.vm.name=Java HotSpot(TM) Client VM
2021-08-18 13:56:22,090 INFO o.a.j.JMeter: os.name=Windows 10
2021-08-18 13:56:22,090 INFO o.a.j.JMeter: os.arch=x86
2021-08-18 13:56:22,090 INFO o.a.j.JMeter: os.version=10.0
2021-08-18 13:56:22,090 INFO o.a.j.JMeter: file.encoding=Cp1252
2021-08-18 13:56:22,090 INFO o.a.j.JMeter: java.awt.headless=null
2021-08-18 13:56:22,090 INFO o.a.j.JMeter: Max memory     =1073741824
2021-08-18 13:56:22,091 INFO o.a.j.JMeter: Available Processors =8
2021-08-18 13:56:22,096 INFO o.a.j.JMeter: Default Locale=English (EN)
2021-08-18 13:56:22,097 INFO o.a.j.JMeter: JMeter  Locale=English (EN)
2021-08-18 13:56:22,097 INFO o.a.j.JMeter: JMeterHome=C:\Users\jagadeesh.chennam\Desktop\JMeter\apache-jmeter-5.4.1\apache-jmeter-5.4.1
2021-08-18 13:56:22,097 INFO o.a.j.JMeter: user.dir  =C:\Users\jagadeesh.chennam\Desktop\Jmeter Test Results
2021-08-18 13:56:22,098 INFO o.a.j.JMeter: PWD       =C:\Users\jagadeesh.chennam\Desktop\Jmeter Test Results
2021-08-18 13:56:22,100 INFO o.a.j.JMeter: IP: 169.254.3.77 Name: JCHENNAM09 FullName: JCHENNAM09.corp.neudesic.net
2021-08-18 13:56:22,242 INFO o.a.j.JMeter: Setting LAF to: com.github.weisj.darklaf.DarkLaf:com.github.weisj.darklaf.theme.DarculaTheme
2021-08-18 13:56:23,199 INFO o.a.j.JMeter: Loaded icon properties from org/apache/jmeter/images/icon.properties
2021-08-18 13:56:24,693 INFO o.a.j.JMeter: Loading file: DemoPlan.jmx
2021-08-18 13:56:24,694 INFO o.a.j.s.FileServer: Default base='C:\Users\jagadeesh.chennam\Desktop\Jmeter Test Results'
2021-08-18 13:56:24,695 INFO o.a.j.s.FileServer: Set new base='C:\Users\jagadeesh.chennam\Desktop\Jmeter Test Results'
2021-08-18 13:56:24,831 INFO o.a.j.s.SaveService: Testplan (JMX) version: 2.2. Testlog (JTL) version: 2.2
2021-08-18 13:56:24,855 INFO o.a.j.s.SaveService: Using SaveService properties file encoding UTF-8
2021-08-18 13:56:24,857 INFO o.a.j.s.SaveService: Using SaveService properties version 5.0
2021-08-18 13:56:24,859 INFO o.a.j.s.SaveService: Loading file: DemoPlan.jmx
2021-08-18 13:56:24,891 INFO o.a.j.p.h.s.HTTPSamplerBase: Parser for text/html is org.apache.jmeter.protocol.http.parser.LagartoBasedHtmlParser
2021-08-18 13:56:24,891 INFO o.a.j.p.h.s.HTTPSamplerBase: Parser for application/xhtml+xml is org.apache.jmeter.protocol.http.parser.LagartoBasedHtmlParser
2021-08-18 13:56:24,891 INFO o.a.j.p.h.s.HTTPSamplerBase: Parser for application/xml is org.apache.jmeter.protocol.http.parser.LagartoBasedHtmlParser
2021-08-18 13:56:24,892 INFO o.a.j.p.h.s.HTTPSamplerBase: Parser for text/xml is org.apache.jmeter.protocol.http.parser.LagartoBasedHtmlParser
2021-08-18 13:56:24,892 INFO o.a.j.p.h.s.HTTPSamplerBase: Parser for text/vnd.wap.wml is org.apache.jmeter.protocol.http.parser.RegexpHTMLParser
2021-08-18 13:56:24,892 INFO o.a.j.p.h.s.HTTPSamplerBase: Parser for text/css is org.apache.jmeter.protocol.http.parser.CssParser
2021-08-18 13:56:24,919 INFO o.a.j.s.FileServer: Set new base='C:\Users\jagadeesh.chennam\Desktop\Jmeter Test Results'
2021-08-18 13:56:25,163 INFO o.a.j.s.SampleResult: Note: Sample TimeStamps are START times
2021-08-18 13:56:25,163 INFO o.a.j.s.SampleResult: sampleresult.default.encoding is set to ISO-8859-1
2021-08-18 13:56:25,163 INFO o.a.j.s.SampleResult: sampleresult.useNanoTime=true
2021-08-18 13:56:25,163 INFO o.a.j.s.SampleResult: sampleresult.nanoThreadSleep=5000
